2022-02-28_15-29-15 [http-nio-8400-exec-2] INFO  c.c.a.service.JwtUserDetailsService - User found
2022-02-28_15-29-15 [http-nio-8400-exec-2] INFO  c.c.a.service.JwtUserDetailsService - user successfully located
2022-02-28_15-29-15 [http-nio-8400-exec-2] INFO  c.c.a.service.JwtUserDetailsService - User found
2022-02-28_15-29-15 [http-nio-8400-exec-2] INFO  c.c.a.service.JwtUserDetailsService - user successfully located
2022-02-28_15-29-15 [http-nio-8400-exec-3] INFO  c.c.a.service.JwtUserDetailsService - User found
2022-02-28_15-29-15 [http-nio-8400-exec-3] INFO  c.c.a.service.JwtUserDetailsService - user successfully located
2022-02-28_15-29-15 [http-nio-8400-exec-10] INFO  c.c.a.service.JwtUserDetailsService - User found
2022-02-28_15-29-15 [http-nio-8400-exec-10] INFO  c.c.a.service.JwtUserDetailsService - user successfully located
2022-02-28_15-29-15 [http-nio-8400-exec-7] INFO  c.c.a.service.JwtUserDetailsService - User found
2022-02-28_15-29-15 [http-nio-8400-exec-7] INFO  c.c.a.service.JwtUserDetailsService - user successfully located
2022-02-28_15-29-15 [http-nio-8400-exec-5] INFO  c.c.a.service.JwtUserDetailsService - User found
2022-02-28_15-29-15 [http-nio-8400-exec-5] INFO  c.c.a.service.JwtUserDetailsService - user successfully located
2022-02-28_15-29-15 [http-nio-8400-exec-3] INFO  c.c.a.service.JwtUserDetailsService - User found
2022-02-28_15-29-15 [http-nio-8400-exec-3] INFO  c.c.a.service.JwtUserDetailsService - user successfully located
2022-02-28_15-29-15 [http-nio-8400-exec-3] INFO  c.c.a.service.JwtUserDetailsService - User found
2022-02-28_15-29-15 [http-nio-8400-exec-3] INFO  c.c.a.service.JwtUserDetailsService - user successfully located
2022-02-28_15-29-15 [http-nio-8400-exec-6] INFO  c.c.a.service.JwtUserDetailsService - User found
2022-02-28_15-29-15 [http-nio-8400-exec-6] INFO  c.c.a.service.JwtUserDetailsService - user successfully located
2022-02-28_15-29-15 [http-nio-8400-exec-10] INFO  c.c.a.service.JwtUserDetailsService - User found
2022-02-28_15-29-15 [http-nio-8400-exec-10] INFO  c.c.a.service.JwtUserDetailsService - user successfully located
2022-02-28_15-29-15 [http-nio-8400-exec-5] INFO  c.c.a.service.JwtUserDetailsService - User found
2022-02-28_15-29-15 [http-nio-8400-exec-5] INFO  c.c.a.service.JwtUserDetailsService - user successfully located
2022-02-28_15-29-15 [http-nio-8400-exec-9] INFO  c.c.a.service.JwtUserDetailsService - User found
2022-02-28_15-29-15 [http-nio-8400-exec-9] INFO  c.c.a.service.JwtUserDetailsService - user successfully located
2022-02-28_15-29-15 [http-nio-8400-exec-3] INFO  c.c.a.service.JwtUserDetailsService - User found
2022-02-28_15-29-15 [http-nio-8400-exec-3] INFO  c.c.a.service.JwtUserDetailsService - user successfully located
2022-02-28_15-29-15 [http-nio-8400-exec-6] INFO  c.c.a.service.JwtUserDetailsService - User found
2022-02-28_15-29-15 [http-nio-8400-exec-6] INFO  c.c.a.service.JwtUserDetailsService - user successfully located
2022-03-02_16-39-31 [restartedMain] INFO  c.c.a.AuthorizatiionMicroserviceApplication - Starting AuthorizatiionMicroserviceApplication using Java 1.8.0_291 on LTIN187842 with PID 23300 (C:\Users\2068359\Music\International-Patients-treatment-management\International-Patients-treatment-management\Authorizatiion-Microservice\target\classes started by 2068359 in C:\Users\2068359\Music\International-Patients-treatment-management\International-Patients-treatment-management\Authorizatiion-Microservice)
2022-03-02_16-39-31 [restartedMain] INFO  c.c.a.AuthorizatiionMicroserviceApplication - No active profile set, falling back to default profiles: default
2022-03-02_16-39-31 [restartedMain] INFO  o.s.b.d.e.DevToolsPropertyDefaultsPostProcessor - Devtools property defaults active! Set 'spring.devtools.add-properties' to 'false' to disable
2022-03-02_16-39-31 [restartedMain] INFO  o.s.b.d.e.DevToolsPropertyDefaultsPostProcessor - For additional web related logging consider setting the 'logging.level.web' property to 'DEBUG'
2022-03-02_16-39-31 [restartedMain] INFO  o.s.d.r.c.RepositoryConfigurationDelegate - Bootstrapping Spring Data JPA repositories in DEFAULT mode.
2022-03-02_16-39-31 [restartedMain] INFO  o.s.d.r.c.RepositoryConfigurationDelegate - Finished Spring Data repository scanning in 118 ms. Found 1 JPA repository interfaces.
2022-03-02_16-39-31 [restartedMain] INFO  o.s.cloud.context.scope.GenericScope - BeanFactory id=17a149ef-bdf0-3183-9b89-1dc5d9e72896
2022-03-02_16-39-31 [restartedMain] INFO  o.s.b.w.e.tomcat.TomcatWebServer - Tomcat initialized with port(s): 8400 (http)
2022-03-02_16-39-31 [restartedMain] INFO  o.a.coyote.http11.Http11NioProtocol - Initializing ProtocolHandler ["http-nio-8400"]
2022-03-02_16-39-31 [restartedMain] INFO  o.a.catalina.core.StandardService - Starting service [Tomcat]
2022-03-02_16-39-31 [restartedMain] INFO  o.a.catalina.core.StandardEngine - Starting Servlet engine: [Apache Tomcat/9.0.41]
2022-03-02_16-39-31 [restartedMain] INFO  o.a.c.c.C.[.[localhost].[/auth] - Initializing Spring embedded WebApplicationContext
2022-03-02_16-39-31 [restartedMain] INFO  o.s.b.w.s.c.ServletWebServerApplicationContext - Root WebApplicationContext: initialization completed in 4891 ms
2022-03-02_16-39-31 [restartedMain] INFO  com.zaxxer.hikari.HikariDataSource - HikariPool-1 - Starting...
2022-03-02_16-39-31 [restartedMain] INFO  com.zaxxer.hikari.HikariDataSource - HikariPool-1 - Start completed.
2022-03-02_16-39-31 [restartedMain] INFO  o.s.b.a.h.H2ConsoleAutoConfiguration - H2 console available at '/db'. Database available at 'jdbc:h2:mem:testdb'
2022-03-02_16-39-31 [restartedMain] INFO  o.h.jpa.internal.util.LogHelper - HHH000204: Processing PersistenceUnitInfo [name: default]
2022-03-02_16-39-31 [restartedMain] INFO  org.hibernate.Version - HHH000412: Hibernate ORM core version 5.4.27.Final
2022-03-02_16-39-31 [restartedMain] INFO  o.h.annotations.common.Version - HCANN000001: Hibernate Commons Annotations {5.1.2.Final}
2022-03-02_16-39-31 [restartedMain] INFO  org.hibernate.dialect.Dialect - HHH000400: Using dialect: org.hibernate.dialect.H2Dialect
2022-03-02_16-39-31 [restartedMain] INFO  o.h.e.t.j.p.i.JtaPlatformInitiator - HHH000490: Using JtaPlatform implementation: [org.hibernate.engine.transaction.jta.platform.internal.NoJtaPlatform]
2022-03-02_16-39-31 [restartedMain] INFO  o.s.o.j.LocalContainerEntityManagerFactoryBean - Initialized JPA EntityManagerFactory for persistence unit 'default'
2022-03-02_16-39-31 [restartedMain] INFO  s.d.s.w.PropertySourcedRequestMappingHandlerMapping - Mapped URL path [/v2/api-docs] onto method [springfox.documentation.swagger2.web.Swagger2Controller#getDocumentation(String, HttpServletRequest)]
2022-03-02_16-39-31 [restartedMain] INFO  o.s.s.web.DefaultSecurityFilterChain - Will secure any request with [org.springframework.security.web.context.request.async.WebAsyncManagerIntegrationFilter@3eb5555b, org.springframework.security.web.context.SecurityContextPersistenceFilter@786d8398, org.springframework.security.web.header.HeaderWriterFilter@2297269a, org.springframework.security.web.authentication.logout.LogoutFilter@442eae0f, com.cts.authorization.config.JwtRequestFilter@73566b74, org.springframework.security.web.savedrequest.RequestCacheAwareFilter@4094586d, org.springframework.security.web.servletapi.SecurityContextHolderAwareRequestFilter@7de10910, org.springframework.security.web.authentication.AnonymousAuthenticationFilter@218e1d95, org.springframework.security.web.session.SessionManagementFilter@1cc30247, org.springframework.security.web.access.ExceptionTranslationFilter@47c7c8da, org.springframework.security.web.access.intercept.FilterSecurityInterceptor@6e6cb28e]
2022-03-02_16-39-31 [restartedMain] INFO  o.s.s.c.ThreadPoolTaskExecutor - Initializing ExecutorService 'applicationTaskExecutor'
2022-03-02_16-39-31 [restartedMain] INFO  o.a.coyote.http11.Http11NioProtocol - Starting ProtocolHandler ["http-nio-8400"]
2022-03-02_16-39-31 [restartedMain] INFO  o.s.b.w.e.tomcat.TomcatWebServer - Tomcat started on port(s): 8400 (http) with context path '/auth'
2022-03-02_16-39-31 [restartedMain] INFO  s.d.s.w.p.DocumentationPluginsBootstrapper - Context refreshed
2022-03-02_16-39-31 [restartedMain] INFO  s.d.s.w.p.DocumentationPluginsBootstrapper - Found 1 custom documentation plugin(s)
2022-03-02_16-39-31 [restartedMain] INFO  s.d.s.w.s.ApiListingReferenceScanner - Scanning for api listing references
2022-03-02_16-39-31 [restartedMain] INFO  c.c.a.AuthorizatiionMicroserviceApplication - Started AuthorizatiionMicroserviceApplication in 14.554 seconds (JVM running for 16.149)
2022-03-02_16-39-31 [http-nio-8400-exec-1] INFO  o.a.c.c.C.[.[localhost].[/auth] - Initializing Spring DispatcherServlet 'dispatcherServlet'
2022-03-02_16-39-31 [http-nio-8400-exec-1] INFO  o.s.web.servlet.DispatcherServlet - Initializing Servlet 'dispatcherServlet'
2022-03-02_16-39-31 [http-nio-8400-exec-1] INFO  o.s.web.servlet.DispatcherServlet - Completed initialization in 2 ms
2022-03-02_16-39-31 [http-nio-8400-exec-1] INFO  c.c.a.service.JwtUserDetailsService - User found
2022-03-02_16-39-31 [http-nio-8400-exec-1] INFO  c.c.a.service.JwtUserDetailsService - user successfully located
2022-03-02_16-39-31 [http-nio-8400-exec-1] INFO  c.c.a.service.JwtUserDetailsService - User found
2022-03-02_16-39-31 [http-nio-8400-exec-1] INFO  c.c.a.service.JwtUserDetailsService - user successfully located
2022-03-02_16-39-31 [http-nio-8400-exec-3] INFO  c.c.a.service.JwtUserDetailsService - User found
2022-03-02_16-39-31 [http-nio-8400-exec-3] INFO  c.c.a.service.JwtUserDetailsService - user successfully located
2022-03-02_16-39-31 [http-nio-8400-exec-4] INFO  c.c.a.service.JwtUserDetailsService - User found
2022-03-02_16-39-31 [http-nio-8400-exec-4] INFO  c.c.a.service.JwtUserDetailsService - user successfully located
2022-03-02_16-39-31 [http-nio-8400-exec-4] INFO  c.c.a.service.JwtUserDetailsService - User found
2022-03-02_16-39-31 [http-nio-8400-exec-4] INFO  c.c.a.service.JwtUserDetailsService - user successfully located
2022-03-02_16-39-31 [http-nio-8400-exec-6] INFO  c.c.a.service.JwtUserDetailsService - User found
2022-03-02_16-39-31 [http-nio-8400-exec-6] INFO  c.c.a.service.JwtUserDetailsService - user successfully located
2022-03-02_16-39-31 [http-nio-8400-exec-6] INFO  c.c.a.service.JwtUserDetailsService - User found
2022-03-02_16-39-31 [http-nio-8400-exec-6] INFO  c.c.a.service.JwtUserDetailsService - user successfully located
2022-03-02_20-13-36 [restartedMain] INFO  c.c.a.AuthorizatiionMicroserviceApplication - Starting AuthorizatiionMicroserviceApplication using Java 1.8.0_291 on LTIN187842 with PID 31564 (C:\Users\2068359\Music\International-Patients-treatment-management\International-Patients-treatment-management\Authorizatiion-Microservice\target\classes started by 2068359 in C:\Users\2068359\Music\International-Patients-treatment-management\International-Patients-treatment-management\Authorizatiion-Microservice)
2022-03-02_20-13-36 [restartedMain] INFO  c.c.a.AuthorizatiionMicroserviceApplication - No active profile set, falling back to default profiles: default
2022-03-02_20-13-36 [restartedMain] INFO  o.s.b.d.e.DevToolsPropertyDefaultsPostProcessor - Devtools property defaults active! Set 'spring.devtools.add-properties' to 'false' to disable
2022-03-02_20-13-36 [restartedMain] INFO  o.s.b.d.e.DevToolsPropertyDefaultsPostProcessor - For additional web related logging consider setting the 'logging.level.web' property to 'DEBUG'
2022-03-02_20-13-36 [restartedMain] INFO  o.s.d.r.c.RepositoryConfigurationDelegate - Bootstrapping Spring Data JPA repositories in DEFAULT mode.
2022-03-02_20-13-36 [restartedMain] INFO  o.s.d.r.c.RepositoryConfigurationDelegate - Finished Spring Data repository scanning in 121 ms. Found 1 JPA repository interfaces.
2022-03-02_20-13-36 [restartedMain] INFO  o.s.cloud.context.scope.GenericScope - BeanFactory id=17a149ef-bdf0-3183-9b89-1dc5d9e72896
2022-03-02_20-13-36 [restartedMain] INFO  o.s.b.w.e.tomcat.TomcatWebServer - Tomcat initialized with port(s): 8400 (http)
2022-03-02_20-13-36 [restartedMain] INFO  o.a.coyote.http11.Http11NioProtocol - Initializing ProtocolHandler ["http-nio-8400"]
2022-03-02_20-13-36 [restartedMain] INFO  o.a.catalina.core.StandardService - Starting service [Tomcat]
2022-03-02_20-13-36 [restartedMain] INFO  o.a.catalina.core.StandardEngine - Starting Servlet engine: [Apache Tomcat/9.0.41]
2022-03-02_20-13-36 [restartedMain] INFO  o.a.c.c.C.[.[localhost].[/auth] - Initializing Spring embedded WebApplicationContext
2022-03-02_20-13-36 [restartedMain] INFO  o.s.b.w.s.c.ServletWebServerApplicationContext - Root WebApplicationContext: initialization completed in 4869 ms
2022-03-02_20-13-36 [restartedMain] INFO  com.zaxxer.hikari.HikariDataSource - HikariPool-1 - Starting...
2022-03-02_20-13-36 [restartedMain] INFO  com.zaxxer.hikari.HikariDataSource - HikariPool-1 - Start completed.
2022-03-02_20-13-36 [restartedMain] INFO  o.s.b.a.h.H2ConsoleAutoConfiguration - H2 console available at '/db'. Database available at 'jdbc:h2:mem:testdb'
2022-03-02_20-13-36 [restartedMain] INFO  o.h.jpa.internal.util.LogHelper - HHH000204: Processing PersistenceUnitInfo [name: default]
2022-03-02_20-13-36 [restartedMain] INFO  org.hibernate.Version - HHH000412: Hibernate ORM core version 5.4.27.Final
2022-03-02_20-13-36 [restartedMain] INFO  o.h.annotations.common.Version - HCANN000001: Hibernate Commons Annotations {5.1.2.Final}
2022-03-02_20-13-36 [restartedMain] INFO  org.hibernate.dialect.Dialect - HHH000400: Using dialect: org.hibernate.dialect.H2Dialect
2022-03-02_20-13-36 [restartedMain] INFO  o.h.e.t.j.p.i.JtaPlatformInitiator - HHH000490: Using JtaPlatform implementation: [org.hibernate.engine.transaction.jta.platform.internal.NoJtaPlatform]
2022-03-02_20-13-36 [restartedMain] INFO  o.s.o.j.LocalContainerEntityManagerFactoryBean - Initialized JPA EntityManagerFactory for persistence unit 'default'
2022-03-02_20-13-36 [restartedMain] INFO  o.s.b.d.a.OptionalLiveReloadServer - LiveReload server is running on port 35729
2022-03-02_20-13-36 [restartedMain] INFO  s.d.s.w.PropertySourcedRequestMappingHandlerMapping - Mapped URL path [/v2/api-docs] onto method [springfox.documentation.swagger2.web.Swagger2Controller#getDocumentation(String, HttpServletRequest)]
2022-03-02_20-13-36 [restartedMain] INFO  o.s.s.web.DefaultSecurityFilterChain - Will secure any request with [org.springframework.security.web.context.request.async.WebAsyncManagerIntegrationFilter@739dbcb0, org.springframework.security.web.context.SecurityContextPersistenceFilter@7f6660d9, org.springframework.security.web.header.HeaderWriterFilter@5cedb202, org.springframework.security.web.authentication.logout.LogoutFilter@14b9ec28, com.cts.authorization.config.JwtRequestFilter@9d11c8a, org.springframework.security.web.savedrequest.RequestCacheAwareFilter@52e9a84a, org.springframework.security.web.servletapi.SecurityContextHolderAwareRequestFilter@6896f2e4, org.springframework.security.web.authentication.AnonymousAuthenticationFilter@78cf2e2b, org.springframework.security.web.session.SessionManagementFilter@64a79725, org.springframework.security.web.access.ExceptionTranslationFilter@48f7248d, org.springframework.security.web.access.intercept.FilterSecurityInterceptor@a69e203]
2022-03-02_20-13-36 [restartedMain] INFO  o.s.s.c.ThreadPoolTaskExecutor - Initializing ExecutorService 'applicationTaskExecutor'
2022-03-02_20-13-36 [restartedMain] INFO  o.a.coyote.http11.Http11NioProtocol - Starting ProtocolHandler ["http-nio-8400"]
2022-03-02_20-13-36 [restartedMain] INFO  o.s.b.w.e.tomcat.TomcatWebServer - Tomcat started on port(s): 8400 (http) with context path '/auth'
2022-03-02_20-13-36 [restartedMain] INFO  s.d.s.w.p.DocumentationPluginsBootstrapper - Context refreshed
2022-03-02_20-13-36 [restartedMain] INFO  s.d.s.w.p.DocumentationPluginsBootstrapper - Found 1 custom documentation plugin(s)
2022-03-02_20-13-36 [restartedMain] INFO  s.d.s.w.s.ApiListingReferenceScanner - Scanning for api listing references
2022-03-02_20-13-36 [restartedMain] INFO  c.c.a.AuthorizatiionMicroserviceApplication - Started AuthorizatiionMicroserviceApplication in 16.321 seconds (JVM running for 17.709)
2022-03-02_20-13-36 [http-nio-8400-exec-1] INFO  o.a.c.c.C.[.[localhost].[/auth] - Initializing Spring DispatcherServlet 'dispatcherServlet'
2022-03-02_20-13-36 [http-nio-8400-exec-1] INFO  o.s.web.servlet.DispatcherServlet - Initializing Servlet 'dispatcherServlet'
2022-03-02_20-13-36 [http-nio-8400-exec-1] INFO  o.s.web.servlet.DispatcherServlet - Completed initialization in 2 ms
2022-03-02_20-13-36 [http-nio-8400-exec-1] INFO  c.c.a.service.JwtUserDetailsService - User found
2022-03-02_20-13-36 [http-nio-8400-exec-1] INFO  c.c.a.service.JwtUserDetailsService - user successfully located
2022-03-02_20-13-36 [http-nio-8400-exec-1] INFO  c.c.a.service.JwtUserDetailsService - User found
2022-03-02_20-13-36 [http-nio-8400-exec-1] INFO  c.c.a.service.JwtUserDetailsService - user successfully located
2022-03-02_20-13-36 [http-nio-8400-exec-2] INFO  c.c.a.service.JwtUserDetailsService - User found
2022-03-02_20-13-36 [http-nio-8400-exec-2] INFO  c.c.a.service.JwtUserDetailsService - user successfully located
2022-03-02_20-13-36 [http-nio-8400-exec-3] INFO  c.c.a.service.JwtUserDetailsService - User found
2022-03-02_20-13-36 [http-nio-8400-exec-3] INFO  c.c.a.service.JwtUserDetailsService - user successfully located
2022-03-02_20-13-36 [http-nio-8400-exec-6] INFO  c.c.a.service.JwtUserDetailsService - User found
2022-03-02_20-13-36 [http-nio-8400-exec-6] INFO  c.c.a.service.JwtUserDetailsService - user successfully located
2022-03-02_20-13-36 [http-nio-8400-exec-6] INFO  c.c.a.service.JwtUserDetailsService - User found
2022-03-02_20-13-36 [http-nio-8400-exec-6] INFO  c.c.a.service.JwtUserDetailsService - user successfully located
2022-03-02_20-13-36 [http-nio-8400-exec-7] INFO  c.c.a.service.JwtUserDetailsService - User found
2022-03-02_20-13-36 [http-nio-8400-exec-7] INFO  c.c.a.service.JwtUserDetailsService - user successfully located
2022-03-02_20-13-36 [http-nio-8400-exec-7] INFO  c.c.a.service.JwtUserDetailsService - User found
2022-03-02_20-13-36 [http-nio-8400-exec-7] INFO  c.c.a.service.JwtUserDetailsService - user successfully located
2022-03-02_20-13-36 [http-nio-8400-exec-10] INFO  c.c.a.service.JwtUserDetailsService - User found
2022-03-02_20-13-36 [http-nio-8400-exec-10] INFO  c.c.a.service.JwtUserDetailsService - user successfully located
2022-03-02_20-13-36 [http-nio-8400-exec-9] INFO  c.c.a.service.JwtUserDetailsService - User found
2022-03-02_20-13-36 [http-nio-8400-exec-9] INFO  c.c.a.service.JwtUserDetailsService - user successfully located
2022-03-02_20-13-36 [http-nio-8400-exec-9] INFO  c.c.a.service.JwtUserDetailsService - User found
2022-03-02_20-13-36 [http-nio-8400-exec-9] INFO  c.c.a.service.JwtUserDetailsService - user successfully located
2022-03-02_20-13-36 [http-nio-8400-exec-1] INFO  c.c.a.service.JwtUserDetailsService - User found
2022-03-02_20-13-36 [http-nio-8400-exec-1] INFO  c.c.a.service.JwtUserDetailsService - user successfully located
2022-03-02_20-13-36 [http-nio-8400-exec-1] INFO  c.c.a.service.JwtUserDetailsService - User found
2022-03-02_20-13-36 [http-nio-8400-exec-1] INFO  c.c.a.service.JwtUserDetailsService - user successfully located
2022-03-02_20-13-36 [http-nio-8400-exec-4] INFO  c.c.a.service.JwtUserDetailsService - User found
2022-03-02_20-13-36 [http-nio-8400-exec-4] INFO  c.c.a.service.JwtUserDetailsService - user successfully located
2022-03-02_20-13-36 [http-nio-8400-exec-2] INFO  c.c.a.service.JwtUserDetailsService - User found
2022-03-02_20-13-36 [http-nio-8400-exec-2] INFO  c.c.a.service.JwtUserDetailsService - user successfully located
2022-03-02_20-13-36 [http-nio-8400-exec-3] INFO  c.c.a.service.JwtUserDetailsService - User found
2022-03-02_20-13-36 [http-nio-8400-exec-3] INFO  c.c.a.service.JwtUserDetailsService - user successfully located
2022-03-02_20-13-36 [http-nio-8400-exec-6] INFO  c.c.a.service.JwtUserDetailsService - User found
2022-03-02_20-13-36 [http-nio-8400-exec-6] INFO  c.c.a.service.JwtUserDetailsService - user successfully located
2022-03-02_20-13-36 [http-nio-8400-exec-7] INFO  c.c.a.service.JwtUserDetailsService - User found
2022-03-02_20-13-36 [http-nio-8400-exec-7] INFO  c.c.a.service.JwtUserDetailsService - user successfully located
2022-03-02_20-13-36 [http-nio-8400-exec-10] INFO  c.c.a.service.JwtUserDetailsService - User found
2022-03-02_20-13-36 [http-nio-8400-exec-10] INFO  c.c.a.service.JwtUserDetailsService - user successfully located
2022-03-02_20-13-36 [http-nio-8400-exec-5] INFO  c.c.a.service.JwtUserDetailsService - User found
2022-03-02_20-13-36 [http-nio-8400-exec-5] INFO  c.c.a.service.JwtUserDetailsService - user successfully located
2022-03-02_20-13-36 [http-nio-8400-exec-8] INFO  c.c.a.service.JwtUserDetailsService - User found
2022-03-02_20-13-36 [http-nio-8400-exec-8] INFO  c.c.a.service.JwtUserDetailsService - user successfully located
2022-03-02_20-13-36 [http-nio-8400-exec-9] INFO  c.c.a.service.JwtUserDetailsService - User found
2022-03-02_20-13-36 [http-nio-8400-exec-9] INFO  c.c.a.service.JwtUserDetailsService - user successfully located
2022-03-02_20-13-36 [http-nio-8400-exec-1] INFO  c.c.a.service.JwtUserDetailsService - User found
2022-03-02_20-13-36 [http-nio-8400-exec-1] INFO  c.c.a.service.JwtUserDetailsService - user successfully located
2022-03-02_20-13-36 [http-nio-8400-exec-6] INFO  c.c.a.service.JwtUserDetailsService - User found
2022-03-02_20-13-36 [http-nio-8400-exec-6] INFO  c.c.a.service.JwtUserDetailsService - user successfully located
2022-03-02_20-13-36 [http-nio-8400-exec-10] INFO  c.c.a.service.JwtUserDetailsService - User found
2022-03-02_20-13-36 [http-nio-8400-exec-10] INFO  c.c.a.service.JwtUserDetailsService - user successfully located
2022-03-02_20-13-36 [http-nio-8400-exec-10] INFO  c.c.a.service.JwtUserDetailsService - User found
2022-03-02_20-13-36 [http-nio-8400-exec-10] INFO  c.c.a.service.JwtUserDetailsService - user successfully located
2022-03-02_20-13-36 [http-nio-8400-exec-8] INFO  c.c.a.service.JwtUserDetailsService - User found
2022-03-02_20-13-36 [http-nio-8400-exec-8] INFO  c.c.a.service.JwtUserDetailsService - user successfully located
2022-03-02_20-13-36 [http-nio-8400-exec-9] INFO  c.c.a.service.JwtUserDetailsService - User found
2022-03-02_20-13-36 [http-nio-8400-exec-9] INFO  c.c.a.service.JwtUserDetailsService - user successfully located
2022-03-02_20-13-36 [http-nio-8400-exec-4] INFO  c.c.a.service.JwtUserDetailsService - User found
2022-03-02_20-13-36 [http-nio-8400-exec-4] INFO  c.c.a.service.JwtUserDetailsService - user successfully located
2022-03-02_20-13-36 [http-nio-8400-exec-2] INFO  c.c.a.service.JwtUserDetailsService - User found
2022-03-02_20-13-36 [http-nio-8400-exec-2] INFO  c.c.a.service.JwtUserDetailsService - user successfully located
2022-03-02_20-13-36 [http-nio-8400-exec-3] INFO  c.c.a.service.JwtUserDetailsService - User found
2022-03-02_20-13-36 [http-nio-8400-exec-3] INFO  c.c.a.service.JwtUserDetailsService - user successfully located
2022-03-02_20-13-36 [http-nio-8400-exec-6] INFO  c.c.a.service.JwtUserDetailsService - User found
2022-03-02_20-13-36 [http-nio-8400-exec-6] INFO  c.c.a.service.JwtUserDetailsService - user successfully located
2022-03-02_20-13-36 [http-nio-8400-exec-7] INFO  c.c.a.service.JwtUserDetailsService - User found
2022-03-02_20-13-36 [http-nio-8400-exec-7] INFO  c.c.a.service.JwtUserDetailsService - user successfully located
2022-03-02_20-13-36 [http-nio-8400-exec-10] INFO  c.c.a.service.JwtUserDetailsService - User found
2022-03-02_20-13-36 [http-nio-8400-exec-10] INFO  c.c.a.service.JwtUserDetailsService - user successfully located
2022-03-02_20-13-36 [http-nio-8400-exec-5] INFO  c.c.a.service.JwtUserDetailsService - User found
2022-03-02_20-13-36 [http-nio-8400-exec-5] INFO  c.c.a.service.JwtUserDetailsService - user successfully located
2022-03-02_20-13-36 [http-nio-8400-exec-8] INFO  c.c.a.service.JwtUserDetailsService - User found
2022-03-02_20-13-36 [http-nio-8400-exec-8] INFO  c.c.a.service.JwtUserDetailsService - user successfully located
2022-03-02_20-13-36 [http-nio-8400-exec-9] INFO  c.c.a.service.JwtUserDetailsService - User found
2022-03-02_20-13-36 [http-nio-8400-exec-9] INFO  c.c.a.service.JwtUserDetailsService - user successfully located
